Build started 28/6/2021 11:17:01 PM.
     1>Project "E:\BT Visual studio code 2010\BT3\BT3\BT3.vcxproj" on node 2 (build target(s)).
     1>InitializeBuildStatus:
         Touching "Debug\BT3.unsuccessfulbuild".
       ClCompile:
         C:\Program Files (x86)\Microsoft Visual Studio 10.0\VC\bin\CL.exe /c /ZI /nologo /W3 /WX- /Od /Oy- /D WIN32 /D _DEBUG /D _CONSOLE /D _UNICODE /D UNICODE /Gm /EHsc /RTC1 /MDd /GS /fp:precise /Zc:wchar_t /Zc:forScope /Fo"Debug\\" /Fd"Debug\vc100.pdb" /Gd /TP /analyze- /errorReport:prompt HS.cpp
         HS.cpp
       ManifestResourceCompile:
         C:\Program Files (x86)\Microsoft SDKs\Windows\v7.0A\bin\rc.exe /nologo /fo"Debug\BT3.exe.embed.manifest.res" Debug\BT3_manifest.rc 
       Link:
         C:\Program Files (x86)\Microsoft Visual Studio 10.0\VC\bin\link.exe /ERRORREPORT:PROMPT /OUT:"E:\BT Visual studio code 2010\BT3\Debug\BT3.exe" /INCREMENTAL /NOLOGO kernel32.lib user32.lib gdi32.lib winspool.lib comdlg32.lib advapi32.lib shell32.lib ole32.lib oleaut32.lib uuid.lib odbc32.lib odbccp32.lib /MANIFEST /ManifestFile:"Debug\BT3.exe.intermediate.manifest" /MANIFESTUAC:"level='asInvoker' uiAccess='false'" /DEBUG /PDB:"E:\BT Visual studio code 2010\BT3\Debug\BT3.pdb" /SUBSYSTEM:CONSOLE /TLBID:1 /DYNAMICBASE /NXCOMPAT /IMPLIB:"E:\BT Visual studio code 2010\BT3\Debug\BT3.lib" /MACHINE:X86 Debug\BT3.exe.embed.manifest.res
         Debug\HS.obj
         Debug\main.obj
       Manifest:
         C:\Program Files (x86)\Microsoft SDKs\Windows\v7.0A\bin\mt.exe /nologo /verbose /out:"Debug\BT3.exe.embed.manifest" /manifest Debug\BT3.exe.intermediate.manifest
         C:\Program Files (x86)\Microsoft SDKs\Windows\v7.0A\bin\rc.exe /nologo /fo"Debug\BT3.exe.embed.manifest.res" Debug\BT3_manifest.rc 
       LinkEmbedManifest:
         C:\Program Files (x86)\Microsoft Visual Studio 10.0\VC\bin\link.exe /ERRORREPORT:PROMPT /OUT:"E:\BT Visual studio code 2010\BT3\Debug\BT3.exe" /INCREMENTAL /NOLOGO kernel32.lib user32.lib gdi32.lib winspool.lib comdlg32.lib advapi32.lib shell32.lib ole32.lib oleaut32.lib uuid.lib odbc32.lib odbccp32.lib /MANIFEST /ManifestFile:"Debug\BT3.exe.intermediate.manifest" /MANIFESTUAC:"level='asInvoker' uiAccess='false'" /DEBUG /PDB:"E:\BT Visual studio code 2010\BT3\Debug\BT3.pdb" /SUBSYSTEM:CONSOLE /TLBID:1 /DYNAMICBASE /NXCOMPAT /IMPLIB:"E:\BT Visual studio code 2010\BT3\Debug\BT3.lib" /MACHINE:X86 Debug\BT3.exe.embed.manifest.res
         Debug\HS.obj
         Debug\main.obj
         BT3.vcxproj -> E:\BT Visual studio code 2010\BT3\Debug\BT3.exe
       FinalizeBuildStatus:
         Deleting file "Debug\BT3.unsuccessfulbuild".
         Touching "Debug\BT3.lastbuildstate".
     1>Done Building Project "E:\BT Visual studio code 2010\BT3\BT3\BT3.vcxproj" (build target(s)).

Build succeeded.

Time Elapsed 00:00:02.90
